build/intermediates/manifest_merge_blame_file/debug/manifest-merger-blame-debug-report.txt
1<?xml version="1.0" encoding="utf-8"?>
2<manifest xmlns:android="http://schemas.android.com/apk/res/android"
3    package="com.choosemuse.example.libmuse"
4    android:versionCode="1"
5    android:versionName="1.0" >
6
7    <uses-sdk
8        android:minSdkVersion="22"
8-->src\main\AndroidManifest.xml
9        android:targetSdkVersion="30" />
9-->src\main\AndroidManifest.xml
10
11    <uses-permission android:name="android.permission.BLUETOOTH" />
11-->src\main\AndroidManifest.xml:6:5-67
11-->src\main\AndroidManifest.xml:6:22-65
12    <uses-permission android:name="android.permission.BLUETOOTH_ADMIN" />
12-->src\main\AndroidManifest.xml:7:5-73
12-->src\main\AndroidManifest.xml:7:22-71
13    <uses-permission android:name="android.permission.ACCESS_FINE_LOCATION" />
13-->src\main\AndroidManifest.xml:8:5-78
13-->src\main\AndroidManifest.xml:8:22-76
14    <uses-permission android:name="android.permission.BLUETOOTH_SCAN" />
14-->src\main\AndroidManifest.xml:9:5-72
14-->src\main\AndroidManifest.xml:9:22-70
15    <uses-permission android:name="android.permission.BLUETOOTH_CONNECT" />
15-->src\main\AndroidManifest.xml:10:5-75
15-->src\main\AndroidManifest.xml:10:22-73
16    <uses-permission android:name="android.permission.FOREGROUND_SERVICE" />
16-->src\main\AndroidManifest.xml:11:5-76
16-->src\main\AndroidManifest.xml:11:22-74
17    <uses-permission android:name="no.nordicsemi.android.LOG" />
17-->[no.nordicsemi.android:log:2.2.0] AndroidManifest.xml:40:5-65
17-->[no.nordicsemi.android:log:2.2.0] AndroidManifest.xml:40:22-62
18
19    <application
19-->src\main\AndroidManifest.xml:13:5-35:19
20        android:allowBackup="true"
20-->src\main\AndroidManifest.xml:14:9-35
21        android:appComponentFactory="androidx.core.app.CoreComponentFactory"
21-->[androidx.core:core:1.5.0] AndroidManifest.xml:24:18-86
22        android:debuggable="true"
23        android:icon="@drawable/ic_launcher"
23-->src\main\AndroidManifest.xml:15:9-45
24        android:label="@string/app_name"
24-->src\main\AndroidManifest.xml:16:9-41
25        android:testOnly="true"
26        android:theme="@style/AppTheme" >
26-->src\main\AndroidManifest.xml:17:9-40
27        <activity
27-->src\main\AndroidManifest.xml:19:9-27:20
28            android:name="com.choosemuse.example.libmuse.MainActivity"
28-->src\main\AndroidManifest.xml:20:13-71
29            android:label="@string/app_name"
29-->src\main\AndroidManifest.xml:22:13-45
30            android:screenOrientation="portrait" >
30-->src\main\AndroidManifest.xml:21:13-49
31            <intent-filter>
31-->src\main\AndroidManifest.xml:23:13-26:29
32                <action android:name="android.intent.action.MAIN" />
32-->src\main\AndroidManifest.xml:24:17-69
32-->src\main\AndroidManifest.xml:24:25-66
33
34                <category android:name="android.intent.category.LAUNCHER" />
34-->src\main\AndroidManifest.xml:25:17-77
34-->src\main\AndroidManifest.xml:25:27-74
35            </intent-filter>
36        </activity>
37
38        <service android:name="com.haifa3D.haifa3d_ble_api.ble.BleService" />
38-->src\main\AndroidManifest.xml:29:9-78
38-->src\main\AndroidManifest.xml:29:18-75
39        <!-- <service android:name="com.haifa3D.haifa3d_ble_api.ble.NotificationService" /> -->
40        <!--
41            <service android:name="com.haifa3D.haifa3d_ble_api.ble.TriggerService" />
42        <service android:name="com.haifa3D.haifa3d_ble_api.ble.PresetService" />
43        <service android:name="com.haifa3D.haifa3d_ble_api.ble.BatteryLevelService" />
44        -->
45
46
47        <!--
48		Service used to scan in background to emulate scanning with
49		PendingIntent on Android 4.3 - 7.x. Service will scan in background with given
50		settings and filters.
51        -->
52        <service
52-->[no.nordicsemi.android.support.v18:scanner:1.4.3] AndroidManifest.xml:31:9-33:40
53            android:name="no.nordicsemi.android.support.v18.scanner.ScannerService"
53-->[no.nordicsemi.android.support.v18:scanner:1.4.3] AndroidManifest.xml:32:13-84
54            android:exported="false" />
54-->[no.nordicsemi.android.support.v18:scanner:1.4.3] AndroidManifest.xml:33:13-37
55        <!--
56		The receiver used to scan with PendingIntent on Android 8+.
57		It will translate results from android.bluetooth.le package to
58		no.nordicsemi.android.support.v18, apply filters or perform batching,
59		depending on the settings.
60        -->
61        <receiver
61-->[no.nordicsemi.android.support.v18:scanner:1.4.3] AndroidManifest.xml:41:9-48:20
62            android:name="no.nordicsemi.android.support.v18.scanner.PendingIntentReceiver"
62-->[no.nordicsemi.android.support.v18:scanner:1.4.3] AndroidManifest.xml:42:13-91
63            android:exported="true" >
63-->[no.nordicsemi.android.support.v18:scanner:1.4.3] AndroidManifest.xml:43:13-36
64            <intent-filter>
64-->[no.nordicsemi.android.support.v18:scanner:1.4.3] AndroidManifest.xml:45:13-47:29
65                <action android:name="no.nordicsemi.android.support.v18.ACTION_FOUND" />
65-->[no.nordicsemi.android.support.v18:scanner:1.4.3] AndroidManifest.xml:46:17-89
65-->[no.nordicsemi.android.support.v18:scanner:1.4.3] AndroidManifest.xml:46:25-86
66            </intent-filter>
67        </receiver>
68
69        <provider
69-->[androidx.lifecycle:lifecycle-process:2.2.0] AndroidManifest.xml:25:9-29:43
70            android:name="androidx.lifecycle.ProcessLifecycleOwnerInitializer"
70-->[androidx.lifecycle:lifecycle-process:2.2.0] AndroidManifest.xml:26:13-79
71            android:authorities="com.choosemuse.example.libmuse.lifecycle-process"
71-->[androidx.lifecycle:lifecycle-process:2.2.0] AndroidManifest.xml:27:13-69
72            android:exported="false"
72-->[androidx.lifecycle:lifecycle-process:2.2.0] AndroidManifest.xml:28:13-37
73            android:multiprocess="true" />
73-->[androidx.lifecycle:lifecycle-process:2.2.0] AndroidManifest.xml:29:13-40
74    </application>
75
76</manifest>